<?xml version="1.0" encoding="UTF-8" ?>
<testsuite errors="0" skipped="0" tests="13" time="0.032" failures="0" name="org.linuxstuff.hatch.TestHatchTimer">
  <properties>
    <property value="Java(TM) 2 Runtime Environment, Standard Edition" name="java.runtime.name"/>
    <property value="/kikai/opt/jdk1.5.0_12/jre/lib/i386" name="sun.boot.library.path"/>
    <property value="1.5.0_12-b04" name="java.vm.version"/>
    <property value="Sun Microsystems Inc." name="java.vm.vendor"/>
    <property value="http://java.sun.com/" name="java.vendor.url"/>
    <property value=":" name="path.separator"/>
    <property value="Java HotSpot(TM) Server VM" name="java.vm.name"/>
    <property value="sun.io" name="file.encoding.pkg"/>
    <property value="US" name="user.country"/>
    <property value="SUN_STANDARD" name="sun.java.launcher"/>
    <property value="unknown" name="sun.os.patch.level"/>
    <property value="Java Virtual Machine Specification" name="java.vm.specification.name"/>
    <property value="/kikai/home/idcmp/workspace-betbar/hatch-timer/hatch-core" name="user.dir"/>
    <property value="1.5.0_12-b04" name="java.runtime.version"/>
    <property value="sun.awt.X11GraphicsEnvironment" name="java.awt.graphicsenv"/>
    <property value="/kikai/home/idcmp/workspace-betbar/hatch-timer/hatch-core" name="basedir"/>
    <property value="/kikai/opt/jdk1.5.0_12/jre/lib/endorsed" name="java.endorsed.dirs"/>
    <property value="i386" name="os.arch"/>
    <property value="/tmp" name="java.io.tmpdir"/>
    <property value="
" name="line.separator"/>
    <property value="Sun Microsystems Inc." name="java.vm.specification.vendor"/>
    <property value="Linux" name="os.name"/>
    <property value="/opt/maven-2.0.7/bin/m2.conf" name="classworlds.conf"/>
    <property value="UTF-8" name="sun.jnu.encoding"/>
    <property value="/kikai/opt/jdk1.5.0_12/jre/lib/i386/server:/kikai/opt/jdk1.5.0_12/jre/lib/i386:/kikai/opt/jdk1.5.0_12/jre/../lib/i386" name="java.library.path"/>
    <property value="/kikai/home/idcmp/workspace-betbar/hatch-timer/hatch-core/target/classes:/kikai/home/idcmp/workspace-betbar/hatch-timer/hatch-core/target/test-classes:/kikai/home/idcmp/.m2/repository/junit/junit/4.4/junit-4.4.jar:/kikai/home/idcmp/workspace-betbar/hatch-timer/hatch-common/target/hatch-common-1.0-SNAPSHOT.jar:" name="surefire.test.class.path"/>
    <property value="Java Platform API Specification" name="java.specification.name"/>
    <property value="49.0" name="java.class.version"/>
    <property value="HotSpot Server Compiler" name="sun.management.compiler"/>
    <property value="2.6.23.15-80.fc7" name="os.version"/>
    <property value="/kikai/home/idcmp" name="user.home"/>
    <property value="America/Vancouver" name="user.timezone"/>
    <property value="sun.print.PSPrinterJob" name="java.awt.printerjob"/>
    <property value="UTF-8" name="file.encoding"/>
    <property value="1.5" name="java.specification.version"/>
    <property value="idcmp" name="user.name"/>
    <property value="/opt/maven-2.0.7/boot/classworlds-1.1.jar" name="java.class.path"/>
    <property value="1.0" name="java.vm.specification.version"/>
    <property value="32" name="sun.arch.data.model"/>
    <property value="/kikai/opt/jdk1.5.0_12/jre" name="java.home"/>
    <property value="Sun Microsystems Inc." name="java.specification.vendor"/>
    <property value="en" name="user.language"/>
    <property value="mixed mode" name="java.vm.info"/>
    <property value="1.5.0_12" name="java.version"/>
    <property value="/kikai/opt/jdk1.5.0_12/jre/lib/ext" name="java.ext.dirs"/>
    <property value="/kikai/opt/jdk1.5.0_12/jre/lib/rt.jar:/kikai/opt/jdk1.5.0_12/jre/lib/i18n.jar:/kikai/opt/jdk1.5.0_12/jre/lib/sunrsasign.jar:/kikai/opt/jdk1.5.0_12/jre/lib/jsse.jar:/kikai/opt/jdk1.5.0_12/jre/lib/jce.jar:/kikai/opt/jdk1.5.0_12/jre/lib/charsets.jar:/kikai/opt/jdk1.5.0_12/jre/classes" name="sun.boot.class.path"/>
    <property value="Sun Microsystems Inc." name="java.vendor"/>
    <property value="/opt/maven-2.0.7" name="maven.home"/>
    <property value="/kikai/home/idcmp/.m2/repository" name="localRepository"/>
    <property value="/" name="file.separator"/>
    <property value="http://java.sun.com/cgi-bin/bugreport.cgi" name="java.vendor.url.bug"/>
    <property value="little" name="sun.cpu.endian"/>
    <property value="UnicodeLittle" name="sun.io.unicode.encoding"/>
    <property value="" name="sun.cpu.isalist"/>
  </properties>
  <testcase classname="org.linuxstuff.hatch.TestHatchTimer" time="0.007" name="testSimple"/>
  <testcase classname="org.linuxstuff.hatch.TestHatchTimer" time="0" name="testSimpleFixed"/>
  <testcase classname="org.linuxstuff.hatch.TestHatchTimer" time="0" name="testStateOff"/>
  <testcase classname="org.linuxstuff.hatch.TestHatchTimer" time="0.001" name="testStateByRequestWithoutRequest"/>
  <testcase classname="org.linuxstuff.hatch.TestHatchTimer" time="0.001" name="testStateByRequestWithRequest"/>
  <testcase classname="org.linuxstuff.hatch.TestHatchTimer" time="0.001" name="testIgnoredByRequest"/>
  <testcase classname="org.linuxstuff.hatch.TestHatchTimer" time="0.001" name="testStateByRequestWithDelayedRequest"/>
  <testcase classname="org.linuxstuff.hatch.TestHatchTimer" time="0" name="testLateOff"/>
  <testcase classname="org.linuxstuff.hatch.TestHatchTimer" time="0" name="testThreadSpecificLogger"/>
  <testcase classname="org.linuxstuff.hatch.TestHatchTimer" time="0" name="testGlobalLogger"/>
  <testcase classname="org.linuxstuff.hatch.TestHatchTimer" time="0" name="testSmallStack"/>
  <testcase classname="org.linuxstuff.hatch.TestHatchTimer" time="0.001" name="testLoud2"/>
  <testcase classname="org.linuxstuff.hatch.TestHatchTimer" time="0.001" name="testSimpleLoop"/>
</testsuite>